Remember that you can report errors and get help in https://github.com/NicoSantangelo/sublime-gulp

03-13-2016 18:38:
/Volumes/Work/server/jimba_2016/.sublime-gulp-tmp.js:32
                                'assets/src/css/style.css'],
                                ^^^^^^^^^^^^^^^^^^^^^^^^^^

SyntaxError: Unexpected string
    at exports.runInThisContext (vm.js:53:16)
    at Module._compile (module.js:387:25)
    at Object.Module._extensions..js (module.js:422:10)
    at Module.load (module.js:357:32)
    at Function.Module._load (module.js:314:12)
    at Module.require (module.js:367:17)
    at require (internal/module.js:16:19)
    at requireGulp (/Users/jimbatamang/Library/Application Support/Sublime Text 3/Packages/Gulp/write_tasks_to_cache.js:28:16)
    at Object.<anonymous> (/Users/jimbatamang/Library/Application Support/Sublime Text 3/Packages/Gulp/write_tasks_to_cache.js:83:12)
    at Module._compile (module.js:413:34)


03-13-2016 18:38:
/Volumes/Work/server/jimba_2016/.sublime-gulp-tmp.js:32
                                'assets/src/css/style.css'],
                                ^^^^^^^^^^^^^^^^^^^^^^^^^^

SyntaxError: Unexpected string
    at exports.runInThisContext (vm.js:53:16)
    at Module._compile (module.js:387:25)
    at Object.Module._extensions..js (module.js:422:10)
    at Module.load (module.js:357:32)
    at Function.Module._load (module.js:314:12)
    at Module.require (module.js:367:17)
    at require (internal/module.js:16:19)
    at requireGulp (/Users/jimbatamang/Library/Application Support/Sublime Text 3/Packages/Gulp/write_tasks_to_cache.js:28:16)
    at Object.<anonymous> (/Users/jimbatamang/Library/Application Support/Sublime Text 3/Packages/Gulp/write_tasks_to_cache.js:83:12)
    at Module._compile (module.js:413:34)


03-13-2016 18:38:
/Volumes/Work/server/jimba_2016/.sublime-gulp-tmp.js:32
                                'assets/src/css/style.css'],
                                ^^^^^^^^^^^^^^^^^^^^^^^^^^

SyntaxError: Unexpected string
    at exports.runInThisContext (vm.js:53:16)
    at Module._compile (module.js:387:25)
    at Object.Module._extensions..js (module.js:422:10)
    at Module.load (module.js:357:32)
    at Function.Module._load (module.js:314:12)
    at Module.require (module.js:367:17)
    at require (internal/module.js:16:19)
    at requireGulp (/Users/jimbatamang/Library/Application Support/Sublime Text 3/Packages/Gulp/write_tasks_to_cache.js:28:16)
    at Object.<anonymous> (/Users/jimbatamang/Library/Application Support/Sublime Text 3/Packages/Gulp/write_tasks_to_cache.js:83:12)
    at Module._compile (module.js:413:34)
